[00:02:07] [Server thread/INFO]: _shazi_ issued server command: /home top
[00:02:18] [Server thread/INFO]: _shazi_ issued server command: /home zb
[00:02:21] [Server thread/INFO]: _shazi_ issued server command: /home top
[00:07:41] [Server thread/INFO]: Villager Villager['Villager'/45610, uuid='78865efb-5a8c-4f4e-852a-1107fb77c33e', l='ServerLevel[world]', x=3.81, y=68.00, z=8.70, cpos=[0, 0], tl=110373, v=true] died, message: 'Villager was squished too much'
[00:07:52] [Server thread/INFO]: Villager Villager['Villager'/43881, uuid='6fd82a72-aee5-4520-b76a-bd5203fae236', l='ServerLevel[world]', x=3.85, y=68.00, z=8.70, cpos=[0, 0], tl=128004, v=true] died, message: 'Villager was squished too much'
[00:24:50] [Server thread/INFO]: _shazi_ issued server command: /home zb
[00:47:50] [Server thread/INFO]: Villager Villager['Villager'/41888, uuid='e6b49e25-322c-4e8b-bc1a-a3ad3366e0f6', l='ServerLevel[world]', x=3.87, y=68.00, z=8.70, cpos=[0, 0], tl=198568, v=true] died, message: 'Villager was squished too much'
[00:47:58] [Server thread/INFO]: Villager Villager['Villager'/38787, uuid='b48b5ef6-e651-43e3-abe1-372215f30d70', l='ServerLevel[world]', x=3.87, y=68.00, z=8.30, cpos=[0, 0], tl=230594, v=true] died, message: 'Villager was squished too much'
[00:48:15] [Server thread/INFO]: Villager Villager['Villager'/36394, uuid='1a553e25-697c-4e08-8a23-d8ff517d0e0f', l='ServerLevel[world]', x=3.85, y=68.00, z=8.30, cpos=[0, 0], tl=254742, v=true] died, message: 'Villager was squished too much'
[00:50:30] [Server thread/INFO]: Villager Villager['Villager'/46380, uuid='1aeb2dfb-f79a-4055-b691-c057cb9d1c0b', l='ServerLevel[world]', x=3.86, y=68.00, z=8.30, cpos=[0, 0], tl=155304, v=true] died, message: 'Villager was squished too much'
[00:52:03] [Server thread/INFO]: Villager Villager['Villager'/48959, uuid='6ab9c190-d114-48d7-9f8b-0c2c4a000ac9', l='ServerLevel[world]', x=3.85, y=68.00, z=8.70, cpos=[0, 0], tl=131227, v=true] died, message: 'Villager was squished too much'
[00:53:28] [Server thread/INFO]: Villager Villager['Villager'/54356, uuid='51fb5953-b600-41eb-b56f-60b4266b29dd', l='ServerLevel[world]', x=3.89, y=68.00, z=8.70, cpos=[0, 0], tl=86934, v=true] died, message: 'Villager was squished too much'
[00:59:42] [Server thread/INFO]: _shazi_ issued server command: /home top
[01:09:09] [Server thread/INFO]: _shazi_ issued server command: /home top
[01:09:50] [Server thread/INFO]: _shazi_ issued server command: /home zb
[01:10:06] [Server thread/INFO]: _shazi_ lost connection: Disconnected
[01:10:06] [Server thread/INFO]: _shazi_ left the game
[07:50:42] [User Authenticator #4/INFO]: UUID of player NoKeyShin is dc466036-3c5e-4a32-9bc8-935563130e16
[07:50:43] [Server thread/INFO]: NoKeyShin joined the game
[07:50:43] [Server thread/INFO]: NoKeyShin[/91.172.233.7:22717] logged in with entity id 65987 at ([world]66.6797404897033, 62.0, -8.962103168385157)
[07:52:15] [Server thread/INFO]: NoKeyShin issued server command: /home farm_v
[07:53:06] [Server thread/INFO]: NoKeyShin issued server command: /home farm
[07:54:09] [Server thread/INFO]: NoKeyShin issued server command: /home b
[07:54:20] [Server thread/INFO]: NoKeyShin issued server command: /home farm
[07:57:26] [Server thread/INFO]: NoKeyShin issued server command: /home maison
[08:06:08] [Server thread/INFO]: NoKeyShin issued server command: /home b
[08:07:17] [Server thread/INFO]: NoKeyShin issued server command: /home nether_top
[08:09:28] [Server thread/INFO]: NoKeyShin lost connection: Disconnected
[08:09:28] [Server thread/INFO]: NoKeyShin left the game
[12:26:55] [Server thread/INFO]: /176.65.134.24:63550 lost connection: Internal Exception: io.netty.handler.codec.DecoderException: java.io.IOException: Packet login/serverbound/minecraft:hello (ServerboundHelloPacket) was larger than I expected, found 1 bytes extra whilst reading packet serverbound/minecraft:hello
[12:32:24] [Server thread/INFO]: /176.65.134.24:63550 lost connection: Internal Exception: io.netty.handler.codec.DecoderException: java.io.IOException: Packet login/serverbound/minecraft:hello (ServerboundHelloPacket) was larger than I expected, found 1 bytes extra whilst reading packet serverbound/minecraft:hello
[15:16:55] [Server thread/INFO]: [STDOUT] [org.spigotmc.RestartCommand] Startup script './start.sh' does not exist! Stopping server.
[15:16:55] [Server thread/INFO]: Stopping server
[15:16:55] [Server thread/INFO]: [Essentials] Disabling Essentials v2.22.0-dev+60-787f539
[15:16:55] [Server thread/INFO]: [Geyser-Spigot] Disabling Geyser-Spigot v2.9.3-SNAPSHOT
[15:16:55] [Server thread/INFO]: [Geyser-Spigot] Arrêt de Geyser.
[15:16:55] [Server thread/INFO]: [Geyser-Spigot] L'arrêt de Geyser a réussi.
[15:16:55] [WebSocketConnectReadThread-150/INFO]: [Geyser-Spigot] The skin uploader has been closed
[15:16:55] [Server thread/INFO]: [ViaVersion] Disabling ViaVersion v5.7.1
[15:16:55] [Server thread/INFO]: [ViaVersion] ViaVersion has been disabled; uninjected the platform and shut down the scheduler.
[15:16:55] [Server thread/INFO]: [floodgate] Disabling floodgate v2.2.5-SNAPSHOT (b126-096c605)
[15:16:55] [Server thread/INFO]: Saving players
[15:16:55] [Server thread/INFO]: Saving worlds
[15:16:55] [Server thread/INFO]: Saving chunks for level 'ServerLevel[world]'/minecraft:overworld
[15:16:55] [Server thread/INFO]: [ChunkHolderManager] Waiting 60s for chunk system to halt for world 'world'
[15:16:55] [Server thread/INFO]: [ChunkHolderManager] Halted chunk system for world 'world'
[15:16:55] [Server thread/INFO]: [ChunkHolderManager] Saving all chunkholders for world 'world'
[15:16:55] [Server thread/INFO]: [ChunkHolderManager] Saved 0 block chunks, 0 entity chunks, 0 poi chunks in world 'world' in 0,14s
[15:16:55] [Server thread/INFO]: [ChunkHolderManager] Waiting 60s for chunk I/O to halt for world 'world'
[15:16:55] [Server thread/INFO]: [ChunkHolderManager] Halted I/O scheduler for world 'world'
[15:16:55] [Server thread/INFO]: Saving chunks for level 'ServerLevel[world_nether]'/minecraft:the_nether
[15:16:55] [Server thread/INFO]: [ChunkHolderManager] Waiting 60s for chunk system to halt for world 'world_nether'
[15:16:55] [Server thread/INFO]: [ChunkHolderManager] Halted chunk system for world 'world_nether'
[15:16:55] [Server thread/INFO]: [ChunkHolderManager] Saving all chunkholders for world 'world_nether'
[15:16:56] [Server thread/INFO]: [ChunkHolderManager] Saved 0 block chunks, 0 entity chunks, 0 poi chunks in world 'world_nether' in 0,03s
[15:16:56] [Server thread/INFO]: [ChunkHolderManager] Waiting 60s for chunk I/O to halt for world 'world_nether'
[15:16:56] [Server thread/INFO]: [ChunkHolderManager] Halted I/O scheduler for world 'world_nether'
[15:16:56] [Server thread/INFO]: Saving chunks for level 'ServerLevel[world_the_end]'/minecraft:the_end
[15:16:56] [Server thread/INFO]: [ChunkHolderManager] Waiting 60s for chunk system to halt for world 'world_the_end'
[15:16:56] [Server thread/INFO]: [ChunkHolderManager] Halted chunk system for world 'world_the_end'
[15:16:56] [Server thread/INFO]: [ChunkHolderManager] Saving all chunkholders for world 'world_the_end'
[15:16:56] [Server thread/INFO]: [ChunkHolderManager] Saved 0 block chunks, 0 entity chunks, 0 poi chunks in world 'world_the_end' in 0,00s
[15:16:56] [Server thread/INFO]: [ChunkHolderManager] Waiting 60s for chunk I/O to halt for world 'world_the_end'
[15:16:56] [Server thread/INFO]: [ChunkHolderManager] Halted I/O scheduler for world 'world_the_end'
[15:16:56] [Server thread/INFO]: ThreadedAnvilChunkStorage (world): All chunks are saved
[15:16:56] [Server thread/INFO]: ThreadedAnvilChunkStorage (DIM-1): All chunks are saved
[15:16:56] [Server thread/INFO]: ThreadedAnvilChunkStorage (DIM1): All chunks are saved
[15:16:56] [Server thread/INFO]: ThreadedAnvilChunkStorage: All dimensions are saved
[15:16:56] [Server thread/INFO]: Waiting for all RegionFile I/O tasks to complete...
[15:16:56] [Server thread/INFO]: All RegionFile I/O tasks to complete
[15:16:56] [Server thread/INFO]: [MoonriseCommon] Awaiting termination of worker pool for up to 60s...
[15:16:56] [Server thread/INFO]: [MoonriseCommon] Awaiting termination of I/O pool for up to 60s...
